<?xml version="1.0" encoding="UTF-8"?>
<testng-results ignored="0" total="3" passed="3" failed="0" skipped="0">
  <reporter-output>
  </reporter-output>
  <suite started-at="2022-03-14T12:25:09 IST" name="Default suite" finished-at="2022-03-14T12:25:12 IST" duration-ms="3550">
    <groups>
    </groups>
    <test started-at="2022-03-14T12:25:09 IST" name="Default test" finished-at="2022-03-14T12:25:12 IST" duration-ms="3550">
      <class name="RestCalls">
        <test-method signature="test_1_get()[pri:0, instance:RestCalls@22e357dc]" started-at="2022-03-14T12:25:09 IST" name="test_1_get" finished-at="2022-03-14T12:25:10 IST" duration-ms="1450" status="PASS">
          <reporter-output>
          </reporter-output>
        </test-method> <!-- test_1_get -->
        <test-method signature="test_2_delete()[pri:0, instance:RestCalls@22e357dc]" started-at="2022-03-14T12:25:10 IST" name="test_2_delete" finished-at="2022-03-14T12:25:12 IST" duration-ms="1650" status="PASS">
          <reporter-output>
          </reporter-output>
        </test-method> <!-- test_2_delete -->
        <test-method signature="test_3_update()[pri:0, instance:RestCalls@22e357dc]" started-at="2022-03-14T12:25:12 IST" name="test_3_update" finished-at="2022-03-14T12:25:12 IST" duration-ms="428" status="PASS">
          <reporter-output>
          </reporter-output>
        </test-method> <!-- test_3_update -->
      </class> <!-- RestCalls -->
    </test> <!-- Default test -->
  </suite> <!-- Default suite -->
</testng-results>
